<?xml version="1.0" encoding="UTF-8"?>
<testng-results ignored="0" total="4" passed="4" failed="0" skipped="0">
  <reporter-output>
  </reporter-output>
  <suite started-at="2025-01-16T20:48:47 IST" name="Default suite" finished-at="2025-01-16T20:48:47 IST" duration-ms="61">
    <groups>
    </groups>
    <test started-at="2025-01-16T20:48:47 IST" name="Default test" finished-at="2025-01-16T20:48:47 IST" duration-ms="61">
      <class name="testNg.launch">
        <test-method signature="smokeTesting()[pri:1, instance:testNg.launch@6d025197]" started-at="2025-01-16T20:48:47 IST" name="smokeTesting" finished-at="2025-01-16T20:48:47 IST" duration-ms="6" status="PASS">
          <reporter-output>
          </reporter-output>
        </test-method> <!-- smokeTesting -->
        <test-method signature="functionlTesting()[pri:2, instance:testNg.launch@6d025197]" started-at="2025-01-16T20:48:47 IST" name="functionlTesting" finished-at="2025-01-16T20:48:47 IST" duration-ms="1" status="PASS">
          <reporter-output>
          </reporter-output>
        </test-method> <!-- functionlTesting -->
        <test-method signature="adhocTestting()[pri:3, instance:testNg.launch@6d025197]" started-at="2025-01-16T20:48:47 IST" name="adhocTestting" finished-at="2025-01-16T20:48:47 IST" duration-ms="2" status="PASS">
          <reporter-output>
          </reporter-output>
        </test-method> <!-- adhocTestting -->
        <test-method signature="performanceTesting()[pri:4, instance:testNg.launch@6d025197]" started-at="2025-01-16T20:48:47 IST" name="performanceTesting" finished-at="2025-01-16T20:48:47 IST" duration-ms="1" status="PASS">
          <reporter-output>
          </reporter-output>
        </test-method> <!-- performanceTesting -->
      </class> <!-- testNg.launch -->
    </test> <!-- Default test -->
  </suite> <!-- Default suite -->
</testng-results>
