<?xml version="1.0" encoding="UTF-8"?>
<!-- Generated by org.testng.reporters.JUnitXMLReporter -->
<testsuite ignored="0" hostname="Classroom-205" failures="0" tests="4" name="Default test" time="0.061" errors="0" timestamp="2025-01-16T20:48:47 IST">
  <testcase classname="testNg.launch" name="smokeTesting" time="0.006"/>
  <testcase classname="testNg.launch" name="functionlTesting" time="0.001"/>
  <testcase classname="testNg.launch" name="adhocTestting" time="0.002"/>
  <testcase classname="testNg.launch" name="performanceTesting" time="0.001"/>
</testsuite> <!-- Default test -->
